TN:
SF:src/collections/base_collection.ts
FN:10,(anonymous_0)
FN:18,(anonymous_1)
FN:26,(anonymous_2)
FN:33,(anonymous_3)
FN:41,(anonymous_4)
FN:49,(anonymous_5)
FN:58,(anonymous_6)
FN:60,(anonymous_7)
FN:67,(anonymous_8)
FN:74,(anonymous_9)
FNF:10
FNH:10
FNDA:37,(anonymous_0)
FNDA:54,(anonymous_1)
FNDA:4,(anonymous_2)
FNDA:4,(anonymous_3)
FNDA:16,(anonymous_4)
FNDA:4,(anonymous_5)
FNDA:4,(anonymous_6)
FNDA:4,(anonymous_7)
FNDA:4,(anonymous_8)
FNDA:1,(anonymous_9)
DA:8,1
DA:11,37
DA:19,54
DA:20,54
DA:27,4
DA:34,4
DA:42,16
DA:50,4
DA:59,4
DA:60,4
DA:68,4
DA:75,1
LF:12
LH:12
BRF:0
BRH:0
end_of_record
TN:
SF:src/collections/grupos_collection.ts
FN:7,(anonymous_0)
FNF:1
FNH:1
FNDA:10,(anonymous_0)
DA:2,1
DA:6,1
DA:8,10
LF:3
LH:3
BRF:0
BRH:0
end_of_record
TN:
SF:src/collections/retos_collection.ts
FN:7,(anonymous_0)
FNF:1
FNH:1
FNDA:9,(anonymous_0)
DA:2,1
DA:6,1
DA:8,9
LF:3
LH:3
BRF:0
BRH:0
end_of_record
TN:
SF:src/collections/rutas_collection.ts
FN:7,(anonymous_0)
FNF:1
FNH:1
FNDA:9,(anonymous_0)
DA:2,1
DA:6,1
DA:8,9
LF:3
LH:3
BRF:0
BRH:0
end_of_record
TN:
SF:src/collections/usuario_collection.ts
FN:7,(anonymous_0)
FNF:1
FNH:1
FNDA:9,(anonymous_0)
DA:2,1
DA:6,1
DA:8,9
LF:3
LH:3
BRF:0
BRH:0
end_of_record
TN:
SF:src/datatypes/grupos.ts
FN:12,(anonymous_0)
FN:27,(anonymous_1)
FN:34,(anonymous_2)
FN:43,(anonymous_3)
FN:55,(anonymous_4)
FN:62,(anonymous_5)
FN:69,(anonymous_6)
FN:76,(anonymous_7)
FN:83,(anonymous_8)
FN:90,(anonymous_9)
FN:97,(anonymous_10)
FN:104,(anonymous_11)
FNF:12
FNH:12
FNDA:22,(anonymous_0)
FNDA:2,(anonymous_1)
FNDA:2,(anonymous_2)
FNDA:1,(anonymous_3)
FNDA:2,(anonymous_4)
FNDA:2,(anonymous_5)
FNDA:2,(anonymous_6)
FNDA:1,(anonymous_7)
FNDA:1,(anonymous_8)
FNDA:1,(anonymous_9)
FNDA:1,(anonymous_10)
FNDA:1,(anonymous_11)
DA:8,1
DA:9,1
DA:13,22
DA:14,22
DA:15,22
DA:16,22
DA:17,22
DA:18,22
DA:19,22
DA:21,22
DA:28,2
DA:35,2
DA:44,1
DA:45,1
DA:46,1
DA:47,1
DA:48,1
DA:49,1
DA:56,2
DA:63,2
DA:70,2
DA:77,1
DA:84,1
DA:91,1
DA:98,1
DA:105,1
LF:26
LH:26
BRF:0
BRH:0
end_of_record
TN:
SF:src/datatypes/retos.ts
FN:14,(anonymous_0)
FN:27,(anonymous_1)
FN:34,(anonymous_2)
FN:41,(anonymous_3)
FN:48,(anonymous_4)
FN:55,(anonymous_5)
FN:62,(anonymous_6)
FN:69,(anonymous_7)
FN:76,(anonymous_8)
FN:83,(anonymous_9)
FN:90,(anonymous_10)
FN:91,(anonymous_11)
FNF:12
FNH:12
FNDA:20,(anonymous_0)
FNDA:4,(anonymous_1)
FNDA:2,(anonymous_2)
FNDA:2,(anonymous_3)
FNDA:1,(anonymous_4)
FNDA:1,(anonymous_5)
FNDA:1,(anonymous_6)
FNDA:1,(anonymous_7)
FNDA:1,(anonymous_8)
FNDA:1,(anonymous_9)
FNDA:1,(anonymous_10)
FNDA:2,(anonymous_11)
DA:9,1
DA:10,1
DA:12,1
DA:15,20
DA:16,20
DA:17,20
DA:18,20
DA:19,20
DA:21,20
DA:28,4
DA:35,2
DA:42,2
DA:49,1
DA:56,1
DA:63,1
DA:70,1
DA:77,1
DA:84,1
DA:91,2
LF:19
LH:19
BRF:0
BRH:0
end_of_record
TN:
SF:src/datatypes/rutas.ts
FN:19,(anonymous_0)
FN:38,(anonymous_1)
FN:44,(anonymous_2)
FN:51,(anonymous_3)
FN:58,(anonymous_4)
FN:65,(anonymous_5)
FN:72,(anonymous_6)
FN:79,(anonymous_7)
FN:86,(anonymous_8)
FN:93,(anonymous_9)
FN:100,(anonymous_10)
FN:107,(anonymous_11)
FN:114,(anonymous_12)
FNF:13
FNH:13
FNDA:30,(anonymous_0)
FNDA:105,(anonymous_1)
FNDA:1,(anonymous_2)
FNDA:1,(anonymous_3)
FNDA:1,(anonymous_4)
FNDA:3,(anonymous_5)
FNDA:3,(anonymous_6)
FNDA:2,(anonymous_7)
FNDA:1,(anonymous_8)
FNDA:1,(anonymous_9)
FNDA:1,(anonymous_10)
FNDA:1,(anonymous_11)
FNDA:1,(anonymous_12)
DA:13,1
DA:14,1
DA:16,1
DA:20,30
DA:21,30
DA:22,30
DA:23,30
DA:24,30
DA:25,30
DA:26,30
DA:27,30
DA:29,30
DA:30,30
DA:31,30
DA:32,30
DA:33,30
DA:34,30
DA:35,30
DA:36,30
DA:37,30
DA:38,105
DA:45,1
DA:52,1
DA:59,1
DA:66,3
DA:73,3
DA:80,2
DA:87,1
DA:94,1
DA:101,1
DA:108,1
DA:115,1
LF:32
LH:32
BRF:0
BRH:0
end_of_record
TN:
SF:src/datatypes/usuarios.ts
FN:15,(anonymous_0)
FN:30,(anonymous_1)
FN:37,(anonymous_2)
FN:44,(anonymous_3)
FN:58,(anonymous_4)
FN:65,(anonymous_5)
FN:72,(anonymous_6)
FN:82,(anonymous_7)
FN:89,(anonymous_8)
FN:96,(anonymous_9)
FN:105,(anonymous_10)
FN:118,(anonymous_11)
FN:125,(anonymous_12)
FN:132,(anonymous_13)
FN:139,(anonymous_14)
FN:140,(anonymous_15)
FN:146,(anonymous_16)
FN:153,(anonymous_17)
FN:160,(anonymous_18)
FNF:19
FNH:19
FNDA:30,(anonymous_0)
FNDA:2,(anonymous_1)
FNDA:3,(anonymous_2)
FNDA:1,(anonymous_3)
FNDA:2,(anonymous_4)
FNDA:2,(anonymous_5)
FNDA:2,(anonymous_6)
FNDA:2,(anonymous_7)
FNDA:2,(anonymous_8)
FNDA:2,(anonymous_9)
FNDA:2,(anonymous_10)
FNDA:1,(anonymous_11)
FNDA:1,(anonymous_12)
FNDA:1,(anonymous_13)
FNDA:1,(anonymous_14)
FNDA:3,(anonymous_15)
FNDA:1,(anonymous_16)
FNDA:1,(anonymous_17)
FNDA:1,(anonymous_18)
DA:11,1
DA:12,1
DA:16,30
DA:17,30
DA:18,30
DA:19,30
DA:20,30
DA:21,30
DA:22,30
DA:24,30
DA:31,2
DA:38,3
DA:52,1
DA:59,2
DA:66,2
DA:76,2
DA:83,2
DA:90,2
DA:97,2
DA:106,2
DA:107,2
DA:108,2
DA:109,2
DA:110,2
DA:111,2
DA:119,1
DA:126,1
DA:133,1
DA:140,3
DA:147,1
DA:154,1
DA:161,1
DA:165,1
DA:166,1
LF:34
LH:34
BRF:0
BRH:0
end_of_record
TN:
SF:src/jsonadapters/jsongrupos.ts
FN:30,(anonymous_1)
FN:36,(anonymous_2)
FN:57,(anonymous_3)
FN:66,(anonymous_4)
FN:73,(anonymous_5)
FN:80,(anonymous_6)
FNF:6
FNH:2
FNDA:1,(anonymous_1)
FNDA:5,(anonymous_2)
FNDA:0,(anonymous_3)
FNDA:0,(anonymous_4)
FNDA:0,(anonymous_5)
FNDA:0,(anonymous_6)
DA:1,1
DA:2,1
DA:5,1
DA:6,1
DA:28,1
DA:31,1
DA:32,1
DA:33,1
DA:34,1
DA:35,1
DA:36,1
DA:37,5
DA:46,5
DA:49,0
DA:58,0
DA:59,0
DA:60,0
DA:67,0
DA:68,0
DA:74,0
DA:81,0
DA:82,0
LF:22
LH:13
BRDA:34,0,0,1
BRDA:34,0,1,0
BRF:2
BRH:1
end_of_record
TN:
SF:src/jsonadapters/jsonretos.ts
FN:28,(anonymous_1)
FN:34,(anonymous_2)
FN:53,(anonymous_3)
FN:62,(anonymous_4)
FN:69,(anonymous_5)
FN:76,(anonymous_6)
FNF:6
FNH:2
FNDA:1,(anonymous_1)
FNDA:3,(anonymous_2)
FNDA:0,(anonymous_3)
FNDA:0,(anonymous_4)
FNDA:0,(anonymous_5)
FNDA:0,(anonymous_6)
DA:1,1
DA:2,1
DA:4,1
DA:5,1
DA:26,1
DA:29,1
DA:30,1
DA:31,1
DA:32,1
DA:33,1
DA:34,1
DA:35,3
DA:42,3
DA:45,0
DA:54,0
DA:55,0
DA:56,0
DA:63,0
DA:64,0
DA:70,0
DA:77,0
DA:78,0
LF:22
LH:13
BRDA:32,0,0,1
BRDA:32,0,1,0
BRF:2
BRH:1
end_of_record
TN:
SF:src/jsonadapters/jsonrutas.ts
FN:31,(anonymous_1)
FN:37,(anonymous_2)
FN:59,(anonymous_3)
FN:68,(anonymous_4)
FN:75,(anonymous_5)
FN:82,(anonymous_6)
FNF:6
FNH:2
FNDA:1,(anonymous_1)
FNDA:10,(anonymous_2)
FNDA:0,(anonymous_3)
FNDA:0,(anonymous_4)
FNDA:0,(anonymous_5)
FNDA:0,(anonymous_6)
DA:1,1
DA:2,1
DA:4,1
DA:5,1
DA:29,1
DA:32,1
DA:33,1
DA:34,1
DA:35,1
DA:36,1
DA:37,1
DA:38,10
DA:48,10
DA:51,0
DA:60,0
DA:61,0
DA:62,0
DA:69,0
DA:70,0
DA:76,0
DA:83,0
DA:84,0
LF:22
LH:13
BRDA:35,0,0,1
BRDA:35,0,1,0
BRF:2
BRH:1
end_of_record
TN:
SF:src/jsonadapters/jsonusuarios.ts
FN:34,(anonymous_1)
FN:40,(anonymous_2)
FN:61,(anonymous_3)
FN:70,(anonymous_4)
FN:77,(anonymous_5)
FN:84,(anonymous_6)
FNF:6
FNH:2
FNDA:1,(anonymous_1)
FNDA:7,(anonymous_2)
FNDA:0,(anonymous_3)
FNDA:0,(anonymous_4)
FNDA:0,(anonymous_5)
FNDA:0,(anonymous_6)
DA:1,1
DA:2,1
DA:5,1
DA:6,1
DA:32,1
DA:35,1
DA:36,1
DA:37,1
DA:38,1
DA:39,1
DA:40,1
DA:41,7
DA:50,7
DA:53,0
DA:62,0
DA:63,0
DA:64,0
DA:71,0
DA:72,0
DA:78,0
DA:85,0
DA:86,0
LF:22
LH:13
BRDA:38,0,0,1
BRDA:38,0,1,0
BRF:2
BRH:1
end_of_record
