TN:
SF:src/app/Admin.ts
FN:23,(anonymous_1)
FN:60,(anonymous_2)
FN:68,(anonymous_3)
FN:94,(anonymous_4)
FN:104,(anonymous_5)
FN:120,(anonymous_6)
FN:127,(anonymous_7)
FN:134,(anonymous_8)
FN:141,(anonymous_9)
FN:147,(anonymous_10)
FN:163,(anonymous_11)
FN:226,(anonymous_12)
FN:242,(anonymous_13)
FN:278,(anonymous_14)
FN:293,(anonymous_15)
FN:337,(anonymous_16)
FN:375,(anonymous_17)
FN:416,(anonymous_18)
FN:437,(anonymous_19)
FN:468,(anonymous_20)
FN:478,(anonymous_21)
FN:481,(anonymous_22)
FN:501,(anonymous_23)
FN:532,(anonymous_24)
FN:542,(anonymous_25)
FN:563,(anonymous_26)
FN:574,(anonymous_27)
FN:584,(anonymous_28)
FN:594,(anonymous_29)
FN:610,(anonymous_30)
FN:620,(anonymous_31)
FN:636,(anonymous_32)
FN:646,(anonymous_33)
FN:662,(anonymous_34)
FN:672,(anonymous_35)
FN:689,(anonymous_36)
FN:697,(anonymous_37)
FN:700,(anonymous_38)
FN:718,(anonymous_39)
FN:747,(anonymous_40)
FN:757,(anonymous_41)
FN:767,(anonymous_42)
FN:777,(anonymous_43)
FN:787,(anonymous_44)
FN:797,(anonymous_45)
FN:807,(anonymous_46)
FN:818,(anonymous_47)
FN:830,(anonymous_48)
FN:840,(anonymous_49)
FN:851,(anonymous_50)
FN:859,(anonymous_51)
FN:862,(anonymous_52)
FN:880,(anonymous_53)
FN:906,(anonymous_54)
FN:916,(anonymous_55)
FN:937,(anonymous_56)
FN:947,(anonymous_57)
FN:964,(anonymous_58)
FN:974,(anonymous_59)
FN:991,(anonymous_60)
FN:1001,(anonymous_61)
FN:1016,(anonymous_62)
FN:1024,(anonymous_63)
FN:1027,(anonymous_64)
FN:1045,(anonymous_65)
FN:1071,(anonymous_66)
FN:1081,(anonymous_67)
FN:1102,(anonymous_68)
FN:1112,(anonymous_69)
FN:1129,(anonymous_70)
FN:1139,(anonymous_71)
FN:1156,(anonymous_72)
FN:1167,(anonymous_73)
FN:1176,(anonymous_74)
FN:1186,(anonymous_75)
FN:1189,(anonymous_76)
FN:1198,(anonymous_77)
FN:1206,(anonymous_78)
FN:1209,(anonymous_79)
FN:1218,(anonymous_80)
FN:1226,(anonymous_81)
FN:1229,(anonymous_82)
FN:1238,(anonymous_83)
FN:1246,(anonymous_84)
FN:1249,(anonymous_85)
FN:1267,(anonymous_86)
FN:1290,(anonymous_87)
FN:1331,(anonymous_88)
FN:1334,(anonymous_89)
FN:1345,(anonymous_90)
FN:1348,(anonymous_91)
FN:1359,(anonymous_92)
FN:1362,(anonymous_93)
FN:1371,(anonymous_94)
FN:1374,(anonymous_95)
FN:1383,(anonymous_96)
FN:1386,(anonymous_97)
FN:1395,(anonymous_98)
FN:1398,(anonymous_99)
FN:1407,(anonymous_100)
FN:1410,(anonymous_101)
FN:1421,(anonymous_102)
FN:1424,(anonymous_103)
FN:1435,(anonymous_104)
FN:1438,(anonymous_105)
FN:1447,(anonymous_106)
FN:1451,(anonymous_107)
FN:1463,(anonymous_108)
FN:1484,(anonymous_109)
FN:1519,(anonymous_110)
FN:1522,(anonymous_111)
FN:1533,(anonymous_112)
FN:1536,(anonymous_113)
FN:1547,(anonymous_114)
FN:1551,(anonymous_115)
FN:1563,(anonymous_116)
FN:1567,(anonymous_117)
FN:1579,(anonymous_118)
FN:1582,(anonymous_119)
FN:1591,(anonymous_120)
FN:1594,(anonymous_121)
FN:1603,(anonymous_122)
FN:1606,(anonymous_123)
FN:1615,(anonymous_124)
FN:1618,(anonymous_125)
FN:1627,(anonymous_126)
FN:1646,(anonymous_127)
FN:1675,(anonymous_128)
FN:1678,(anonymous_129)
FN:1689,(anonymous_130)
FN:1692,(anonymous_131)
FN:1703,(anonymous_132)
FN:1706,(anonymous_133)
FN:1715,(anonymous_134)
FN:1718,(anonymous_135)
FN:1727,(anonymous_136)
FN:1731,(anonymous_137)
FN:1748,(anonymous_138)
FN:1752,(anonymous_139)
FN:1769,(anonymous_140)
FN:1792,(anonymous_141)
FN:1833,(anonymous_142)
FN:1836,(anonymous_143)
FN:1847,(anonymous_144)
FN:1850,(anonymous_145)
FN:1861,(anonymous_146)
FN:1865,(anonymous_147)
FN:1875,(anonymous_148)
FN:1879,(anonymous_149)
FN:1889,(anonymous_150)
FN:1892,(anonymous_151)
FN:1901,(anonymous_152)
FN:1904,(anonymous_153)
FN:1913,(anonymous_154)
FN:1916,(anonymous_155)
FN:1925,(anonymous_156)
FN:1928,(anonymous_157)
FN:1937,(anonymous_158)
FN:1940,(anonymous_159)
FN:1949,(anonymous_160)
FN:1952,(anonymous_161)
FNF:161
FNH:4
FNDA:1,(anonymous_1)
FNDA:2,(anonymous_2)
FNDA:1,(anonymous_3)
FNDA:1,(anonymous_4)
FNDA:0,(anonymous_5)
FNDA:0,(anonymous_6)
FNDA:0,(anonymous_7)
FNDA:0,(anonymous_8)
FNDA:0,(anonymous_9)
FNDA:0,(anonymous_10)
FNDA:0,(anonymous_11)
FNDA:0,(anonymous_12)
FNDA:0,(anonymous_13)
FNDA:0,(anonymous_14)
FNDA:0,(anonymous_15)
FNDA:0,(anonymous_16)
FNDA:0,(anonymous_17)
FNDA:0,(anonymous_18)
FNDA:0,(anonymous_19)
FNDA:0,(anonymous_20)
FNDA:0,(anonymous_21)
FNDA:0,(anonymous_22)
FNDA:0,(anonymous_23)
FNDA:0,(anonymous_24)
FNDA:0,(anonymous_25)
FNDA:0,(anonymous_26)
FNDA:0,(anonymous_27)
FNDA:0,(anonymous_28)
FNDA:0,(anonymous_29)
FNDA:0,(anonymous_30)
FNDA:0,(anonymous_31)
FNDA:0,(anonymous_32)
FNDA:0,(anonymous_33)
FNDA:0,(anonymous_34)
FNDA:0,(anonymous_35)
FNDA:0,(anonymous_36)
FNDA:0,(anonymous_37)
FNDA:0,(anonymous_38)
FNDA:0,(anonymous_39)
FNDA:0,(anonymous_40)
FNDA:0,(anonymous_41)
FNDA:0,(anonymous_42)
FNDA:0,(anonymous_43)
FNDA:0,(anonymous_44)
FNDA:0,(anonymous_45)
FNDA:0,(anonymous_46)
FNDA:0,(anonymous_47)
FNDA:0,(anonymous_48)
FNDA:0,(anonymous_49)
FNDA:0,(anonymous_50)
FNDA:0,(anonymous_51)
FNDA:0,(anonymous_52)
FNDA:0,(anonymous_53)
FNDA:0,(anonymous_54)
FNDA:0,(anonymous_55)
FNDA:0,(anonymous_56)
FNDA:0,(anonymous_57)
FNDA:0,(anonymous_58)
FNDA:0,(anonymous_59)
FNDA:0,(anonymous_60)
FNDA:0,(anonymous_61)
FNDA:0,(anonymous_62)
FNDA:0,(anonymous_63)
FNDA:0,(anonymous_64)
FNDA:0,(anonymous_65)
FNDA:0,(anonymous_66)
FNDA:0,(anonymous_67)
FNDA:0,(anonymous_68)
FNDA:0,(anonymous_69)
FNDA:0,(anonymous_70)
FNDA:0,(anonymous_71)
FNDA:0,(anonymous_72)
FNDA:0,(anonymous_73)
FNDA:0,(anonymous_74)
FNDA:0,(anonymous_75)
FNDA:0,(anonymous_76)
FNDA:0,(anonymous_77)
FNDA:0,(anonymous_78)
FNDA:0,(anonymous_79)
FNDA:0,(anonymous_80)
FNDA:0,(anonymous_81)
FNDA:0,(anonymous_82)
FNDA:0,(anonymous_83)
FNDA:0,(anonymous_84)
FNDA:0,(anonymous_85)
FNDA:0,(anonymous_86)
FNDA:0,(anonymous_87)
FNDA:0,(anonymous_88)
FNDA:0,(anonymous_89)
FNDA:0,(anonymous_90)
FNDA:0,(anonymous_91)
FNDA:0,(anonymous_92)
FNDA:0,(anonymous_93)
FNDA:0,(anonymous_94)
FNDA:0,(anonymous_95)
FNDA:0,(anonymous_96)
FNDA:0,(anonymous_97)
FNDA:0,(anonymous_98)
FNDA:0,(anonymous_99)
FNDA:0,(anonymous_100)
FNDA:0,(anonymous_101)
FNDA:0,(anonymous_102)
FNDA:0,(anonymous_103)
FNDA:0,(anonymous_104)
FNDA:0,(anonymous_105)
FNDA:0,(anonymous_106)
FNDA:0,(anonymous_107)
FNDA:0,(anonymous_108)
FNDA:0,(anonymous_109)
FNDA:0,(anonymous_110)
FNDA:0,(anonymous_111)
FNDA:0,(anonymous_112)
FNDA:0,(anonymous_113)
FNDA:0,(anonymous_114)
FNDA:0,(anonymous_115)
FNDA:0,(anonymous_116)
FNDA:0,(anonymous_117)
FNDA:0,(anonymous_118)
FNDA:0,(anonymous_119)
FNDA:0,(anonymous_120)
FNDA:0,(anonymous_121)
FNDA:0,(anonymous_122)
FNDA:0,(anonymous_123)
FNDA:0,(anonymous_124)
FNDA:0,(anonymous_125)
FNDA:0,(anonymous_126)
FNDA:0,(anonymous_127)
FNDA:0,(anonymous_128)
FNDA:0,(anonymous_129)
FNDA:0,(anonymous_130)
FNDA:0,(anonymous_131)
FNDA:0,(anonymous_132)
FNDA:0,(anonymous_133)
FNDA:0,(anonymous_134)
FNDA:0,(anonymous_135)
FNDA:0,(anonymous_136)
FNDA:0,(anonymous_137)
FNDA:0,(anonymous_138)
FNDA:0,(anonymous_139)
FNDA:0,(anonymous_140)
FNDA:0,(anonymous_141)
FNDA:0,(anonymous_142)
FNDA:0,(anonymous_143)
FNDA:0,(anonymous_144)
FNDA:0,(anonymous_145)
FNDA:0,(anonymous_146)
FNDA:0,(anonymous_147)
FNDA:0,(anonymous_148)
FNDA:0,(anonymous_149)
FNDA:0,(anonymous_150)
FNDA:0,(anonymous_151)
FNDA:0,(anonymous_152)
FNDA:0,(anonymous_153)
FNDA:0,(anonymous_154)
FNDA:0,(anonymous_155)
FNDA:0,(anonymous_156)
FNDA:0,(anonymous_157)
FNDA:0,(anonymous_158)
FNDA:0,(anonymous_159)
FNDA:0,(anonymous_160)
FNDA:0,(anonymous_161)
DA:1,1
DA:2,1
DA:3,1
DA:4,1
DA:9,1
DA:10,1
DA:11,1
DA:12,1
DA:13,1
DA:14,1
DA:15,1
DA:23,1
DA:24,1
DA:25,1
DA:26,1
DA:27,1
DA:28,1
DA:29,1
DA:30,1
DA:31,1
DA:32,1
DA:33,1
DA:34,1
DA:35,1
DA:36,1
DA:37,1
DA:38,1
DA:39,1
DA:40,1
DA:43,1
DA:50,1
DA:61,2
DA:62,1
DA:64,2
DA:69,1
DA:70,1
DA:71,1
DA:72,1
DA:73,1
DA:95,1
DA:105,0
DA:107,0
DA:108,0
DA:110,0
DA:111,0
DA:114,1
DA:121,0
DA:128,0
DA:135,0
DA:142,0
DA:148,0
DA:149,0
DA:154,0
DA:164,0
DA:166,0
DA:167,0
DA:169,0
DA:170,0
DA:172,0
DA:173,0
DA:175,0
DA:176,0
DA:178,0
DA:179,0
DA:181,0
DA:182,0
DA:184,0
DA:185,0
DA:187,0
DA:188,0
DA:190,0
DA:191,0
DA:193,0
DA:194,0
DA:196,0
DA:197,0
DA:199,0
DA:200,0
DA:202,0
DA:203,0
DA:205,0
DA:206,0
DA:208,0
DA:209,0
DA:211,0
DA:212,0
DA:214,0
DA:215,0
DA:216,0
DA:217,0
DA:221,0
DA:227,0
DA:228,0
DA:243,0
DA:244,0
DA:245,0
DA:247,0
DA:248,0
DA:249,0
DA:250,0
DA:252,0
DA:270,0
DA:279,0
DA:280,0
DA:294,0
DA:295,0
DA:296,0
DA:298,0
DA:299,0
DA:300,0
DA:301,0
DA:303,0
DA:304,0
DA:305,0
DA:306,0
DA:307,0
DA:308,0
DA:311,0
DA:329,0
DA:338,0
DA:339,0
DA:376,0
DA:386,0
DA:387,0
DA:389,0
DA:390,0
DA:391,0
DA:392,0
DA:394,0
DA:395,0
DA:396,0
DA:408,0
DA:417,0
DA:418,0
DA:438,0
DA:443,0
DA:444,0
DA:446,0
DA:447,0
DA:448,0
DA:449,0
DA:451,0
DA:460,0
DA:469,0
DA:470,0
DA:478,0
DA:482,0
DA:483,0
DA:484,0
DA:502,0
DA:504,0
DA:505,0
DA:507,0
DA:508,0
DA:510,0
DA:511,0
DA:513,0
DA:514,0
DA:516,0
DA:517,0
DA:519,0
DA:520,0
DA:522,0
DA:533,0
DA:534,0
DA:543,0
DA:544,0
DA:545,0
DA:547,0
DA:548,0
DA:549,0
DA:550,0
DA:552,0
DA:553,0
DA:554,0
DA:564,0
DA:565,0
DA:575,0
DA:576,0
DA:577,0
DA:585,0
DA:586,0
DA:595,0
DA:596,0
DA:597,0
DA:598,0
DA:599,0
DA:601,0
DA:602,0
DA:611,0
DA:612,0
DA:621,0
DA:622,0
DA:623,0
DA:624,0
DA:625,0
DA:627,0
DA:628,0
DA:637,0
DA:638,0
DA:647,0
DA:648,0
DA:649,0
DA:650,0
DA:651,0
DA:653,0
DA:654,0
DA:663,0
DA:664,0
DA:673,0
DA:674,0
DA:675,0
DA:676,0
DA:677,0
DA:678,0
DA:679,0
DA:681,0
DA:682,0
DA:690,0
DA:691,0
DA:697,0
DA:701,0
DA:702,0
DA:703,0
DA:719,0
DA:721,0
DA:722,0
DA:724,0
DA:725,0
DA:727,0
DA:728,0
DA:730,0
DA:731,0
DA:733,0
DA:734,0
DA:738,0
DA:739,0
DA:748,0
DA:749,0
DA:758,0
DA:759,0
DA:760,0
DA:768,0
DA:769,0
DA:778,0
DA:779,0
DA:780,0
DA:788,0
DA:789,0
DA:798,0
DA:799,0
DA:800,0
DA:808,0
DA:809,0
DA:819,0
DA:820,0
DA:821,0
DA:822,0
DA:823,0
DA:831,0
DA:832,0
DA:841,0
DA:842,0
DA:843,0
DA:844,0
DA:845,0
DA:852,0
DA:853,0
DA:859,0
DA:863,0
DA:864,0
DA:865,0
DA:881,0
DA:883,0
DA:884,0
DA:886,0
DA:887,0
DA:889,0
DA:890,0
DA:892,0
DA:893,0
DA:895,0
DA:896,0
DA:907,0
DA:908,0
DA:917,0
DA:918,0
DA:919,0
DA:921,0
DA:922,0
DA:923,0
DA:924,0
DA:926,0
DA:927,0
DA:928,0
DA:938,0
DA:939,0
DA:948,0
DA:949,0
DA:950,0
DA:951,0
DA:952,0
DA:954,0
DA:955,0
DA:965,0
DA:966,0
DA:975,0
DA:976,0
DA:977,0
DA:978,0
DA:979,0
DA:981,0
DA:982,0
DA:992,0
DA:993,0
DA:1002,0
DA:1003,0
DA:1004,0
DA:1005,0
DA:1006,0
DA:1008,0
DA:1009,0
DA:1017,0
DA:1018,0
DA:1024,0
DA:1028,0
DA:1029,0
DA:1030,0
DA:1046,0
DA:1048,0
DA:1049,0
DA:1051,0
DA:1052,0
DA:1054,0
DA:1055,0
DA:1057,0
DA:1058,0
DA:1060,0
DA:1061,0
DA:1072,0
DA:1073,0
DA:1082,0
DA:1083,0
DA:1084,0
DA:1086,0
DA:1087,0
DA:1088,0
DA:1089,0
DA:1091,0
DA:1092,0
DA:1093,0
DA:1103,0
DA:1104,0
DA:1113,0
DA:1114,0
DA:1117,0
DA:1119,0
DA:1120,0
DA:1121,0
DA:1130,0
DA:1131,0
DA:1140,0
DA:1141,0
DA:1144,0
DA:1146,0
DA:1147,0
DA:1148,0
DA:1157,0
DA:1158,0
DA:1168,0
DA:1169,0
DA:1170,0
DA:1177,0
DA:1178,0
DA:1186,0
DA:1190,0
DA:1191,0
DA:1192,0
DA:1199,0
DA:1200,0
DA:1206,0
DA:1210,0
DA:1211,0
DA:1212,0
DA:1219,0
DA:1220,0
DA:1226,0
DA:1230,0
DA:1231,0
DA:1232,0
DA:1239,0
DA:1240,0
DA:1246,0
DA:1250,0
DA:1251,0
DA:1252,0
DA:1253,0
DA:1254,0
DA:1255,0
DA:1256,0
DA:1258,0
DA:1259,0
DA:1260,0
DA:1268,0
DA:1269,0
DA:1291,0
DA:1293,0
DA:1294,0
DA:1296,0
DA:1297,0
DA:1299,0
DA:1300,0
DA:1302,0
DA:1303,0
DA:1305,0
DA:1306,0
DA:1308,0
DA:1309,0
DA:1311,0
DA:1312,0
DA:1314,0
DA:1315,0
DA:1317,0
DA:1318,0
DA:1320,0
DA:1321,0
DA:1323,0
DA:1324,0
DA:1332,0
DA:1333,0
DA:1334,0
DA:1335,0
DA:1337,0
DA:1338,0
DA:1340,0
DA:1346,0
DA:1347,0
DA:1348,0
DA:1349,0
DA:1351,0
DA:1352,0
DA:1354,0
DA:1360,0
DA:1361,0
DA:1362,0
DA:1363,0
DA:1364,0
DA:1366,0
DA:1372,0
DA:1373,0
DA:1374,0
DA:1375,0
DA:1376,0
DA:1378,0
DA:1384,0
DA:1385,0
DA:1386,0
DA:1387,0
DA:1388,0
DA:1390,0
DA:1396,0
DA:1397,0
DA:1398,0
DA:1399,0
DA:1400,0
DA:1402,0
DA:1408,0
DA:1409,0
DA:1410,0
DA:1411,0
DA:1412,0
DA:1416,0
DA:1422,0
DA:1423,0
DA:1424,0
DA:1425,0
DA:1426,0
DA:1430,0
DA:1436,0
DA:1437,0
DA:1438,0
DA:1439,0
DA:1440,0
DA:1442,0
DA:1448,0
DA:1449,0
DA:1450,0
DA:1451,0
DA:1453,0
DA:1454,0
DA:1458,0
DA:1464,0
DA:1465,0
DA:1485,0
DA:1487,0
DA:1488,0
DA:1490,0
DA:1491,0
DA:1493,0
DA:1494,0
DA:1496,0
DA:1497,0
DA:1499,0
DA:1500,0
DA:1502,0
DA:1503,0
DA:1505,0
DA:1506,0
DA:1508,0
DA:1509,0
DA:1511,0
DA:1512,0
DA:1520,0
DA:1521,0
DA:1522,0
DA:1523,0
DA:1525,0
DA:1526,0
DA:1528,0
DA:1534,0
DA:1535,0
DA:1536,0
DA:1537,0
DA:1539,0
DA:1540,0
DA:1542,0
DA:1548,0
DA:1549,0
DA:1550,0
DA:1551,0
DA:1553,0
DA:1554,0
DA:1558,0
DA:1564,0
DA:1565,0
DA:1566,0
DA:1567,0
DA:1569,0
DA:1570,0
DA:1574,0
DA:1580,0
DA:1581,0
DA:1582,0
DA:1583,0
DA:1584,0
DA:1586,0
DA:1592,0
DA:1593,0
DA:1594,0
DA:1595,0
DA:1596,0
DA:1598,0
DA:1604,0
DA:1605,0
DA:1606,0
DA:1607,0
DA:1608,0
DA:1610,0
DA:1616,0
DA:1617,0
DA:1618,0
DA:1619,0
DA:1620,0
DA:1622,0
DA:1628,0
DA:1629,0
DA:1647,0
DA:1649,0
DA:1650,0
DA:1652,0
DA:1653,0
DA:1655,0
DA:1656,0
DA:1658,0
DA:1659,0
DA:1661,0
DA:1662,0
DA:1664,0
DA:1665,0
DA:1667,0
DA:1668,0
DA:1676,0
DA:1677,0
DA:1678,0
DA:1679,0
DA:1681,0
DA:1682,0
DA:1684,0
DA:1690,0
DA:1691,0
DA:1692,0
DA:1693,0
DA:1695,0
DA:1696,0
DA:1698,0
DA:1704,0
DA:1705,0
DA:1706,0
DA:1707,0
DA:1708,0
DA:1710,0
DA:1716,0
DA:1717,0
DA:1718,0
DA:1719,0
DA:1720,0
DA:1722,0
DA:1728,0
DA:1729,0
DA:1730,0
DA:1732,0
DA:1735,0
DA:1736,0
DA:1743,0
DA:1749,0
DA:1750,0
DA:1751,0
DA:1753,0
DA:1756,0
DA:1757,0
DA:1764,0
DA:1770,0
DA:1771,0
DA:1793,0
DA:1795,0
DA:1796,0
DA:1798,0
DA:1799,0
DA:1801,0
DA:1802,0
DA:1804,0
DA:1805,0
DA:1807,0
DA:1808,0
DA:1810,0
DA:1811,0
DA:1813,0
DA:1814,0
DA:1816,0
DA:1817,0
DA:1819,0
DA:1820,0
DA:1822,0
DA:1823,0
DA:1825,0
DA:1826,0
DA:1834,0
DA:1835,0
DA:1836,0
DA:1837,0
DA:1839,0
DA:1840,0
DA:1842,0
DA:1848,0
DA:1849,0
DA:1850,0
DA:1851,0
DA:1853,0
DA:1854,0
DA:1856,0
DA:1862,0
DA:1863,0
DA:1864,0
DA:1865,0
DA:1867,0
DA:1868,0
DA:1870,0
DA:1876,0
DA:1877,0
DA:1878,0
DA:1879,0
DA:1881,0
DA:1882,0
DA:1884,0
DA:1890,0
DA:1891,0
DA:1892,0
DA:1893,0
DA:1894,0
DA:1896,0
DA:1902,0
DA:1903,0
DA:1904,0
DA:1905,0
DA:1906,0
DA:1908,0
DA:1914,0
DA:1915,0
DA:1916,0
DA:1917,0
DA:1918,0
DA:1920,0
DA:1926,0
DA:1927,0
DA:1928,0
DA:1929,0
DA:1930,0
DA:1932,0
DA:1938,0
DA:1939,0
DA:1940,0
DA:1941,0
DA:1942,0
DA:1944,0
DA:1950,0
DA:1951,0
DA:1952,0
DA:1953,0
DA:1954,0
DA:1956,0
LF:710
LH:41
BRDA:23,0,0,1
BRDA:23,0,1,1
BRDA:61,1,0,1
BRDA:61,1,1,1
BRDA:105,2,0,0
BRDA:105,2,1,0
BRDA:164,3,0,0
BRDA:164,3,1,0
BRDA:164,3,2,0
BRDA:164,3,3,0
BRDA:164,3,4,0
BRDA:164,3,5,0
BRDA:164,3,6,0
BRDA:164,3,7,0
BRDA:164,3,8,0
BRDA:164,3,9,0
BRDA:164,3,10,0
BRDA:164,3,11,0
BRDA:164,3,12,0
BRDA:164,3,13,0
BRDA:164,3,14,0
BRDA:164,3,15,0
BRDA:164,3,16,0
BRDA:243,4,0,0
BRDA:243,4,1,0
BRDA:248,5,0,0
BRDA:248,5,1,0
BRDA:294,6,0,0
BRDA:294,6,1,0
BRDA:299,7,0,0
BRDA:299,7,1,0
BRDA:307,8,0,0
BRDA:307,8,1,0
BRDA:376,9,0,0
BRDA:376,9,1,0
BRDA:377,10,0,0
BRDA:377,10,1,0
BRDA:377,10,2,0
BRDA:377,10,3,0
BRDA:377,10,4,0
BRDA:377,10,5,0
BRDA:377,10,6,0
BRDA:377,10,7,0
BRDA:390,11,0,0
BRDA:390,11,1,0
BRDA:438,12,0,0
BRDA:438,12,1,0
BRDA:439,13,0,0
BRDA:439,13,1,0
BRDA:439,13,2,0
BRDA:447,14,0,0
BRDA:447,14,1,0
BRDA:483,15,0,0
BRDA:483,15,1,0
BRDA:502,16,0,0
BRDA:502,16,1,0
BRDA:502,16,2,0
BRDA:502,16,3,0
BRDA:502,16,4,0
BRDA:502,16,5,0
BRDA:502,16,6,0
BRDA:543,17,0,0
BRDA:543,17,1,0
BRDA:548,18,0,0
BRDA:548,18,1,0
BRDA:596,19,0,0
BRDA:596,19,1,0
BRDA:622,20,0,0
BRDA:622,20,1,0
BRDA:648,21,0,0
BRDA:648,21,1,0
BRDA:674,22,0,0
BRDA:674,22,1,0
BRDA:702,23,0,0
BRDA:702,23,1,0
BRDA:719,24,0,0
BRDA:719,24,1,0
BRDA:719,24,2,0
BRDA:719,24,3,0
BRDA:719,24,4,0
BRDA:864,25,0,0
BRDA:864,25,1,0
BRDA:881,26,0,0
BRDA:881,26,1,0
BRDA:881,26,2,0
BRDA:881,26,3,0
BRDA:881,26,4,0
BRDA:917,27,0,0
BRDA:917,27,1,0
BRDA:922,28,0,0
BRDA:922,28,1,0
BRDA:949,29,0,0
BRDA:949,29,1,0
BRDA:976,30,0,0
BRDA:976,30,1,0
BRDA:1003,31,0,0
BRDA:1003,31,1,0
BRDA:1029,32,0,0
BRDA:1029,32,1,0
BRDA:1046,33,0,0
BRDA:1046,33,1,0
BRDA:1046,33,2,0
BRDA:1046,33,3,0
BRDA:1046,33,4,0
BRDA:1082,34,0,0
BRDA:1082,34,1,0
BRDA:1087,35,0,0
BRDA:1087,35,1,0
BRDA:1113,36,0,0
BRDA:1113,36,1,0
BRDA:1113,37,0,0
BRDA:1113,37,1,0
BRDA:1140,38,0,0
BRDA:1140,38,1,0
BRDA:1140,39,0,0
BRDA:1140,39,1,0
BRDA:1251,40,0,0
BRDA:1251,40,1,0
BRDA:1254,41,0,0
BRDA:1254,41,1,0
BRDA:1291,42,0,0
BRDA:1291,42,1,0
BRDA:1291,42,2,0
BRDA:1291,42,3,0
BRDA:1291,42,4,0
BRDA:1291,42,5,0
BRDA:1291,42,6,0
BRDA:1291,42,7,0
BRDA:1291,42,8,0
BRDA:1291,42,9,0
BRDA:1291,42,10,0
BRDA:1485,43,0,0
BRDA:1485,43,1,0
BRDA:1485,43,2,0
BRDA:1485,43,3,0
BRDA:1485,43,4,0
BRDA:1485,43,5,0
BRDA:1485,43,6,0
BRDA:1485,43,7,0
BRDA:1485,43,8,0
BRDA:1647,44,0,0
BRDA:1647,44,1,0
BRDA:1647,44,2,0
BRDA:1647,44,3,0
BRDA:1647,44,4,0
BRDA:1647,44,5,0
BRDA:1647,44,6,0
BRDA:1793,45,0,0
BRDA:1793,45,1,0
BRDA:1793,45,2,0
BRDA:1793,45,3,0
BRDA:1793,45,4,0
BRDA:1793,45,5,0
BRDA:1793,45,6,0
BRDA:1793,45,7,0
BRDA:1793,45,8,0
BRDA:1793,45,9,0
BRDA:1793,45,10,0
BRF:158
BRH:4
end_of_record
TN:
SF:src/app/Gestor.ts
FN:16,(anonymous_1)
FN:40,(anonymous_2)
FN:47,(anonymous_3)
FN:72,(anonymous_4)
FN:88,(anonymous_5)
FN:105,(anonymous_6)
FN:115,(anonymous_7)
FN:131,(anonymous_8)
FN:143,(anonymous_9)
FN:156,(anonymous_10)
FN:166,(anonymous_11)
FN:199,(anonymous_12)
FN:211,(anonymous_13)
FN:222,(anonymous_14)
FN:234,(anonymous_15)
FN:263,(anonymous_16)
FN:267,(anonymous_17)
FN:280,(anonymous_18)
FN:291,(anonymous_19)
FN:309,(anonymous_20)
FN:324,(anonymous_21)
FN:336,(anonymous_22)
FN:363,(anonymous_23)
FN:375,(anonymous_24)
FN:392,(anonymous_25)
FN:396,(anonymous_26)
FN:412,(anonymous_27)
FN:423,(anonymous_28)
FN:427,(anonymous_29)
FN:438,(anonymous_30)
FN:450,(anonymous_31)
FN:462,(anonymous_32)
FN:480,(anonymous_33)
FN:492,(anonymous_34)
FN:503,(anonymous_35)
FN:506,(anonymous_36)
FN:528,(anonymous_37)
FN:532,(anonymous_38)
FN:545,(anonymous_39)
FN:556,(anonymous_40)
FN:573,(anonymous_41)
FN:586,(anonymous_42)
FN:598,(anonymous_43)
FN:625,(anonymous_44)
FN:630,(anonymous_45)
FN:638,(anonymous_46)
FN:641,(anonymous_47)
FNF:47
FNH:1
FNDA:1,(anonymous_1)
FNDA:0,(anonymous_2)
FNDA:0,(anonymous_3)
FNDA:0,(anonymous_4)
FNDA:0,(anonymous_5)
FNDA:0,(anonymous_6)
FNDA:0,(anonymous_7)
FNDA:0,(anonymous_8)
FNDA:0,(anonymous_9)
FNDA:0,(anonymous_10)
FNDA:0,(anonymous_11)
FNDA:0,(anonymous_12)
FNDA:0,(anonymous_13)
FNDA:0,(anonymous_14)
FNDA:0,(anonymous_15)
FNDA:0,(anonymous_16)
FNDA:0,(anonymous_17)
FNDA:0,(anonymous_18)
FNDA:0,(anonymous_19)
FNDA:0,(anonymous_20)
FNDA:0,(anonymous_21)
FNDA:0,(anonymous_22)
FNDA:0,(anonymous_23)
FNDA:0,(anonymous_24)
FNDA:0,(anonymous_25)
FNDA:0,(anonymous_26)
FNDA:0,(anonymous_27)
FNDA:0,(anonymous_28)
FNDA:0,(anonymous_29)
FNDA:0,(anonymous_30)
FNDA:0,(anonymous_31)
FNDA:0,(anonymous_32)
FNDA:0,(anonymous_33)
FNDA:0,(anonymous_34)
FNDA:0,(anonymous_35)
FNDA:0,(anonymous_36)
FNDA:0,(anonymous_37)
FNDA:0,(anonymous_38)
FNDA:0,(anonymous_39)
FNDA:0,(anonymous_40)
FNDA:0,(anonymous_41)
FNDA:0,(anonymous_42)
FNDA:0,(anonymous_43)
FNDA:0,(anonymous_44)
FNDA:0,(anonymous_45)
FNDA:0,(anonymous_46)
FNDA:0,(anonymous_47)
DA:1,1
DA:2,1
DA:3,1
DA:8,1
DA:9,1
DA:10,1
DA:11,1
DA:12,1
DA:16,1
DA:17,1
DA:18,1
DA:19,1
DA:20,1
DA:21,1
DA:22,1
DA:23,1
DA:28,1
DA:41,0
DA:42,0
DA:44,0
DA:48,0
DA:49,0
DA:50,0
DA:51,0
DA:52,0
DA:73,0
DA:74,0
DA:75,0
DA:89,0
DA:90,0
DA:91,0
DA:92,0
DA:93,0
DA:94,0
DA:96,0
DA:97,0
DA:98,0
DA:106,0
DA:107,0
DA:116,0
DA:117,0
DA:118,0
DA:119,0
DA:120,0
DA:121,0
DA:123,0
DA:124,0
DA:132,0
DA:133,0
DA:134,0
DA:144,0
DA:145,0
DA:146,0
DA:148,0
DA:149,0
DA:157,0
DA:158,0
DA:167,0
DA:168,0
DA:169,0
DA:170,0
DA:171,0
DA:173,0
DA:189,0
DA:190,0
DA:191,0
DA:192,0
DA:200,0
DA:201,0
DA:202,0
DA:212,0
DA:213,0
DA:215,0
DA:223,0
DA:224,0
DA:225,0
DA:235,0
DA:237,0
DA:238,0
DA:240,0
DA:241,0
DA:243,0
DA:244,0
DA:246,0
DA:247,0
DA:249,0
DA:250,0
DA:252,0
DA:253,0
DA:255,0
DA:256,0
DA:264,0
DA:265,0
DA:266,0
DA:267,0
DA:268,0
DA:270,0
DA:271,0
DA:281,0
DA:282,0
DA:284,0
DA:292,0
DA:293,0
DA:294,0
DA:295,0
DA:310,0
DA:311,0
DA:312,0
DA:313,0
DA:314,0
DA:315,0
DA:317,0
DA:325,0
DA:326,0
DA:327,0
DA:328,0
DA:337,0
DA:338,0
DA:339,0
DA:340,0
DA:341,0
DA:342,0
DA:343,0
DA:345,0
DA:346,0
DA:347,0
DA:348,0
DA:350,0
DA:351,0
DA:352,0
DA:353,0
DA:355,0
DA:356,0
DA:364,0
DA:365,0
DA:366,0
DA:367,0
DA:376,0
DA:377,0
DA:378,0
DA:379,0
DA:380,0
DA:381,0
DA:382,0
DA:384,0
DA:385,0
DA:393,0
DA:394,0
DA:395,0
DA:396,0
DA:397,0
DA:398,0
DA:399,0
DA:402,0
DA:403,0
DA:413,0
DA:414,0
DA:416,0
DA:424,0
DA:425,0
DA:426,0
DA:427,0
DA:428,0
DA:429,0
DA:439,0
DA:440,0
DA:442,0
DA:451,0
DA:452,0
DA:453,0
DA:454,0
DA:455,0
DA:456,0
DA:457,0
DA:458,0
DA:459,0
DA:460,0
DA:461,0
DA:462,0
DA:463,0
DA:464,0
DA:465,0
DA:468,0
DA:469,0
DA:470,0
DA:471,0
DA:481,0
DA:482,0
DA:484,0
DA:493,0
DA:494,0
DA:495,0
DA:496,0
DA:497,0
DA:503,0
DA:507,0
DA:508,0
DA:509,0
DA:510,0
DA:511,0
DA:512,0
DA:513,0
DA:515,0
DA:516,0
DA:517,0
DA:518,0
DA:520,0
DA:521,0
DA:529,0
DA:530,0
DA:531,0
DA:532,0
DA:533,0
DA:535,0
DA:536,0
DA:546,0
DA:547,0
DA:549,0
DA:557,0
DA:558,0
DA:559,0
DA:560,0
DA:574,0
DA:575,0
DA:576,0
DA:577,0
DA:579,0
DA:587,0
DA:588,0
DA:589,0
DA:590,0
DA:599,0
DA:600,0
DA:616,0
DA:617,0
DA:618,0
DA:619,0
DA:626,0
DA:627,0
DA:628,0
DA:629,0
DA:630,0
DA:631,0
DA:632,0
DA:638,0
DA:642,0
DA:643,0
DA:645,0
DA:646,0
DA:647,0
DA:648,0
DA:649,0
DA:650,0
DA:651,0
DA:652,0
DA:653,0
DA:655,0
DA:656,0
LF:258
LH:17
BRDA:16,0,0,1
BRDA:16,0,1,1
BRDA:41,1,0,0
BRDA:41,1,1,0
BRDA:89,2,0,0
BRDA:89,2,1,0
BRDA:92,3,0,0
BRDA:92,3,1,0
BRDA:118,4,0,0
BRDA:118,4,1,0
BRDA:144,5,0,0
BRDA:144,5,1,0
BRDA:169,6,0,0
BRDA:169,6,1,0
BRDA:212,7,0,0
BRDA:212,7,1,0
BRDA:235,8,0,0
BRDA:235,8,1,0
BRDA:235,8,2,0
BRDA:235,8,3,0
BRDA:235,8,4,0
BRDA:235,8,5,0
BRDA:235,8,6,0
BRDA:281,9,0,0
BRDA:281,9,1,0
BRDA:310,10,0,0
BRDA:310,10,1,0
BRDA:312,11,0,0
BRDA:312,11,1,0
BRDA:314,12,0,0
BRDA:314,12,1,0
BRDA:339,13,0,0
BRDA:339,13,1,0
BRDA:340,14,0,0
BRDA:340,14,1,0
BRDA:345,15,0,0
BRDA:345,15,1,0
BRDA:378,16,0,0
BRDA:378,16,1,0
BRDA:398,17,0,0
BRDA:398,17,1,0
BRDA:413,18,0,0
BRDA:413,18,1,0
BRDA:439,19,0,0
BRDA:439,19,1,0
BRDA:455,20,0,0
BRDA:455,20,1,0
BRDA:464,21,0,0
BRDA:464,21,1,0
BRDA:481,22,0,0
BRDA:481,22,1,0
BRDA:509,23,0,0
BRDA:509,23,1,0
BRDA:510,24,0,0
BRDA:510,24,1,0
BRDA:546,25,0,0
BRDA:546,25,1,0
BRDA:574,26,0,0
BRDA:574,26,1,0
BRDA:576,27,0,0
BRDA:576,27,1,0
BRDA:642,28,0,0
BRDA:642,28,1,0
BRDA:647,29,0,0
BRDA:647,29,1,0
BRDA:650,30,0,0
BRDA:650,30,1,0
BRF:67
BRH:2
end_of_record
TN:
SF:src/collections/base_collection.ts
FN:10,(anonymous_0)
FN:18,(anonymous_1)
FN:27,(anonymous_2)
FN:34,(anonymous_3)
FN:42,(anonymous_4)
FN:50,(anonymous_5)
FN:59,(anonymous_6)
FN:61,(anonymous_7)
FN:68,(anonymous_8)
FN:75,(anonymous_9)
FNF:10
FNH:10
FNDA:53,(anonymous_0)
FNDA:181,(anonymous_1)
FNDA:8,(anonymous_2)
FNDA:8,(anonymous_3)
FNDA:16,(anonymous_4)
FNDA:12,(anonymous_5)
FNDA:4,(anonymous_6)
FNDA:4,(anonymous_7)
FNDA:4,(anonymous_8)
FNDA:1,(anonymous_9)
DA:8,1
DA:11,53
DA:19,181
DA:20,181
DA:28,8
DA:35,8
DA:43,16
DA:51,12
DA:60,4
DA:61,4
DA:69,4
DA:76,1
LF:12
LH:12
BRF:0
BRH:0
end_of_record
TN:
SF:src/collections/grupos_collection.ts
FN:7,(anonymous_0)
FNF:1
FNH:1
FNDA:14,(anonymous_0)
DA:2,1
DA:6,1
DA:8,14
LF:3
LH:3
BRF:0
BRH:0
end_of_record
TN:
SF:src/collections/retos_collection.ts
FN:7,(anonymous_0)
FNF:1
FNH:1
FNDA:13,(anonymous_0)
DA:2,1
DA:6,1
DA:8,13
LF:3
LH:3
BRF:0
BRH:0
end_of_record
TN:
SF:src/collections/rutas_collection.ts
FN:7,(anonymous_0)
FNF:1
FNH:1
FNDA:13,(anonymous_0)
DA:2,1
DA:6,1
DA:8,13
LF:3
LH:3
BRF:0
BRH:0
end_of_record
TN:
SF:src/collections/usuario_collection.ts
FN:7,(anonymous_0)
FNF:1
FNH:1
FNDA:13,(anonymous_0)
DA:2,1
DA:6,1
DA:8,13
LF:3
LH:3
BRF:0
BRH:0
end_of_record
TN:
SF:src/datatypes/grupos.ts
FN:12,(anonymous_0)
FN:27,(anonymous_1)
FN:34,(anonymous_2)
FN:42,(anonymous_3)
FN:51,(anonymous_4)
FN:70,(anonymous_5)
FN:77,(anonymous_6)
FN:84,(anonymous_7)
FN:91,(anonymous_8)
FN:98,(anonymous_9)
FN:105,(anonymous_10)
FN:113,(anonymous_11)
FN:129,(anonymous_12)
FN:130,(anonymous_13)
FN:132,(anonymous_14)
FN:148,(anonymous_15)
FN:155,(anonymous_16)
FNF:17
FNH:16
FNDA:48,(anonymous_0)
FNDA:3,(anonymous_1)
FNDA:2,(anonymous_2)
FNDA:2,(anonymous_3)
FNDA:5,(anonymous_4)
FNDA:2,(anonymous_5)
FNDA:2,(anonymous_6)
FNDA:2,(anonymous_7)
FNDA:1,(anonymous_8)
FNDA:1,(anonymous_9)
FNDA:3,(anonymous_10)
FNDA:0,(anonymous_11)
FNDA:1,(anonymous_12)
FNDA:4,(anonymous_13)
FNDA:1,(anonymous_14)
FNDA:1,(anonymous_15)
FNDA:1,(anonymous_16)
DA:8,1
DA:9,1
DA:13,48
DA:14,48
DA:15,48
DA:16,48
DA:17,48
DA:18,48
DA:19,48
DA:21,48
DA:28,3
DA:35,2
DA:43,2
DA:59,5
DA:60,5
DA:61,5
DA:62,5
DA:63,5
DA:64,5
DA:71,2
DA:78,2
DA:85,2
DA:92,1
DA:99,1
DA:106,3
DA:107,3
DA:113,3
DA:115,3
DA:130,4
DA:131,1
DA:132,1
DA:134,1
DA:149,1
DA:156,1
LF:34
LH:34
BRF:0
BRH:0
end_of_record
TN:
SF:src/datatypes/retos.ts
FN:15,(anonymous_0)
FN:28,(anonymous_1)
FN:35,(anonymous_2)
FN:42,(anonymous_3)
FN:49,(anonymous_4)
FN:56,(anonymous_5)
FN:63,(anonymous_6)
FN:70,(anonymous_7)
FN:77,(anonymous_8)
FN:84,(anonymous_9)
FN:91,(anonymous_10)
FN:92,(anonymous_11)
FNF:12
FNH:12
FNDA:35,(anonymous_0)
FNDA:4,(anonymous_1)
FNDA:2,(anonymous_2)
FNDA:2,(anonymous_3)
FNDA:1,(anonymous_4)
FNDA:1,(anonymous_5)
FNDA:1,(anonymous_6)
FNDA:1,(anonymous_7)
FNDA:1,(anonymous_8)
FNDA:1,(anonymous_9)
FNDA:1,(anonymous_10)
FNDA:2,(anonymous_11)
DA:10,1
DA:11,1
DA:13,1
DA:16,35
DA:17,35
DA:18,35
DA:19,35
DA:20,35
DA:22,35
DA:29,4
DA:36,2
DA:43,2
DA:50,1
DA:57,1
DA:64,1
DA:71,1
DA:78,1
DA:85,1
DA:92,2
LF:19
LH:19
BRF:0
BRH:0
end_of_record
TN:
SF:src/datatypes/rutas.ts
FN:20,(anonymous_0)
FN:39,(anonymous_1)
FN:45,(anonymous_2)
FN:52,(anonymous_3)
FN:59,(anonymous_4)
FN:66,(anonymous_5)
FN:73,(anonymous_6)
FN:80,(anonymous_7)
FN:87,(anonymous_8)
FN:94,(anonymous_9)
FN:101,(anonymous_10)
FN:108,(anonymous_11)
FN:115,(anonymous_12)
FN:122,(anonymous_13)
FNF:14
FNH:14
FNDA:74,(anonymous_0)
FNDA:139,(anonymous_1)
FNDA:2,(anonymous_2)
FNDA:1,(anonymous_3)
FNDA:1,(anonymous_4)
FNDA:3,(anonymous_5)
FNDA:3,(anonymous_6)
FNDA:2,(anonymous_7)
FNDA:1,(anonymous_8)
FNDA:1,(anonymous_9)
FNDA:1,(anonymous_10)
FNDA:1,(anonymous_11)
FNDA:1,(anonymous_12)
FNDA:1,(anonymous_13)
DA:14,1
DA:15,1
DA:17,1
DA:21,74
DA:22,74
DA:23,74
DA:24,74
DA:25,74
DA:26,74
DA:27,74
DA:28,74
DA:30,74
DA:31,74
DA:32,74
DA:33,74
DA:34,74
DA:35,74
DA:36,74
DA:37,74
DA:38,74
DA:39,139
DA:46,2
DA:53,1
DA:60,1
DA:67,3
DA:74,3
DA:81,2
DA:88,1
DA:95,1
DA:102,1
DA:109,1
DA:116,1
DA:123,1
LF:33
LH:33
BRF:0
BRH:0
end_of_record
TN:
SF:src/datatypes/usuarios.ts
FN:16,(anonymous_0)
FN:31,(anonymous_1)
FN:38,(anonymous_2)
FN:45,(anonymous_3)
FN:59,(anonymous_4)
FN:66,(anonymous_5)
FN:73,(anonymous_6)
FN:83,(anonymous_7)
FN:90,(anonymous_8)
FN:97,(anonymous_9)
FN:101,(anonymous_10)
FN:110,(anonymous_11)
FN:123,(anonymous_12)
FN:130,(anonymous_13)
FN:137,(anonymous_14)
FN:144,(anonymous_15)
FN:145,(anonymous_16)
FN:151,(anonymous_17)
FN:158,(anonymous_18)
FN:165,(anonymous_19)
FNF:20
FNH:20
FNDA:81,(anonymous_0)
FNDA:2,(anonymous_1)
FNDA:3,(anonymous_2)
FNDA:28,(anonymous_3)
FNDA:2,(anonymous_4)
FNDA:2,(anonymous_5)
FNDA:2,(anonymous_6)
FNDA:2,(anonymous_7)
FNDA:2,(anonymous_8)
FNDA:2,(anonymous_9)
FNDA:1,(anonymous_10)
FNDA:2,(anonymous_11)
FNDA:1,(anonymous_12)
FNDA:1,(anonymous_13)
FNDA:1,(anonymous_14)
FNDA:1,(anonymous_15)
FNDA:3,(anonymous_16)
FNDA:1,(anonymous_17)
FNDA:1,(anonymous_18)
FNDA:1,(anonymous_19)
DA:12,1
DA:13,1
DA:17,81
DA:18,81
DA:19,81
DA:20,81
DA:21,81
DA:22,81
DA:23,81
DA:25,81
DA:32,2
DA:39,3
DA:53,28
DA:60,2
DA:67,2
DA:77,2
DA:84,2
DA:91,2
DA:98,2
DA:102,1
DA:111,2
DA:112,2
DA:113,2
DA:114,2
DA:115,2
DA:116,2
DA:124,1
DA:131,1
DA:138,1
DA:145,3
DA:152,1
DA:159,1
DA:166,1
DA:170,1
DA:171,1
LF:35
LH:35
BRF:0
BRH:0
end_of_record
TN:
SF:src/jsonadapters/jsongrupos.ts
FN:31,(anonymous_1)
FN:37,(anonymous_2)
FN:58,(anonymous_3)
FN:68,(anonymous_4)
FN:76,(anonymous_5)
FN:83,(anonymous_6)
FNF:6
FNH:6
FNDA:5,(anonymous_1)
FNDA:27,(anonymous_2)
FNDA:1,(anonymous_3)
FNDA:1,(anonymous_4)
FNDA:3,(anonymous_5)
FNDA:1,(anonymous_6)
DA:1,1
DA:2,1
DA:5,1
DA:6,1
DA:29,1
DA:32,5
DA:33,5
DA:34,5
DA:35,5
DA:36,5
DA:37,5
DA:38,27
DA:47,27
DA:50,0
DA:59,1
DA:60,1
DA:61,1
DA:69,1
DA:70,1
DA:71,1
DA:77,3
DA:84,1
DA:85,1
LF:23
LH:22
BRDA:35,0,0,5
BRDA:35,0,1,0
BRF:2
BRH:1
end_of_record
TN:
SF:src/jsonadapters/jsonretos.ts
FN:30,(anonymous_1)
FN:36,(anonymous_2)
FN:55,(anonymous_3)
FN:65,(anonymous_4)
FN:73,(anonymous_5)
FN:80,(anonymous_6)
FNF:6
FNH:6
FNDA:5,(anonymous_1)
FNDA:17,(anonymous_2)
FNDA:1,(anonymous_3)
FNDA:1,(anonymous_4)
FNDA:3,(anonymous_5)
FNDA:1,(anonymous_6)
DA:1,1
DA:2,1
DA:4,1
DA:5,1
DA:28,1
DA:31,5
DA:32,5
DA:33,5
DA:34,5
DA:35,5
DA:36,5
DA:37,17
DA:44,17
DA:47,0
DA:56,1
DA:57,1
DA:58,1
DA:66,1
DA:67,1
DA:68,1
DA:74,3
DA:81,1
DA:82,1
LF:23
LH:22
BRDA:34,0,0,5
BRDA:34,0,1,0
BRF:2
BRH:1
end_of_record
TN:
SF:src/jsonadapters/jsonrutas.ts
FN:33,(anonymous_1)
FN:39,(anonymous_2)
FN:61,(anonymous_3)
FN:71,(anonymous_4)
FN:79,(anonymous_5)
FN:86,(anonymous_6)
FNF:6
FNH:6
FNDA:5,(anonymous_1)
FNDA:52,(anonymous_2)
FNDA:1,(anonymous_3)
FNDA:1,(anonymous_4)
FNDA:3,(anonymous_5)
FNDA:1,(anonymous_6)
DA:1,1
DA:2,1
DA:4,1
DA:5,1
DA:31,1
DA:34,5
DA:35,5
DA:36,5
DA:37,5
DA:38,5
DA:39,5
DA:40,52
DA:50,52
DA:53,0
DA:62,1
DA:63,1
DA:64,1
DA:72,1
DA:73,1
DA:74,1
DA:80,3
DA:87,1
DA:88,1
LF:23
LH:22
BRDA:37,0,0,5
BRDA:37,0,1,0
BRF:2
BRH:1
end_of_record
TN:
SF:src/jsonadapters/jsonusuarios.ts
FN:36,(anonymous_1)
FN:42,(anonymous_2)
FN:63,(anonymous_3)
FN:73,(anonymous_4)
FN:81,(anonymous_5)
FN:88,(anonymous_6)
FNF:6
FNH:6
FNDA:5,(anonymous_1)
FNDA:52,(anonymous_2)
FNDA:1,(anonymous_3)
FNDA:1,(anonymous_4)
FNDA:3,(anonymous_5)
FNDA:1,(anonymous_6)
DA:1,1
DA:2,1
DA:5,1
DA:6,1
DA:34,1
DA:37,5
DA:38,5
DA:39,5
DA:40,5
DA:41,5
DA:42,5
DA:43,52
DA:52,52
DA:55,0
DA:64,1
DA:65,1
DA:66,1
DA:74,1
DA:75,1
DA:76,1
DA:82,3
DA:89,1
DA:90,1
LF:23
LH:22
BRDA:40,0,0,5
BRDA:40,0,1,0
BRF:2
BRH:1
end_of_record
